<?xml version="1.0" encoding="UTF-8"?>
<coverage generated="1707493666755" clover="3.2.0">
  <project timestamp="1707493666755" name="All files">
    <metrics statements="130" coveredstatements="36" conditionals="16" coveredconditionals="4" methods="42" coveredmethods="8" elements="188" coveredelements="48" complexity="0" loc="130" ncloc="130" packages="3" files="9" classes="9"/>
    <package name="src">
      <metrics statements="67" coveredstatements="0" conditionals="6" coveredconditionals="0" methods="20" coveredmethods="0"/>
      <file name="App.jsx" path="C:\Users\Emilio\Dev\fullstackopen\bloglist-frontend\src\App.jsx">
        <metrics statements="66" coveredstatements="0" conditionals="6" coveredconditionals="0" methods="20" coveredmethods="0"/>
        <line num="10" count="0" type="stmt"/>
        <line num="11" count="0" type="stmt"/>
        <line num="12" count="0" type="stmt"/>
        <line num="13" count="0" type="stmt"/>
        <line num="14" count="0" type="stmt"/>
        <line num="15" count="0" type="stmt"/>
        <line num="16" count="0" type="stmt"/>
        <line num="18" count="0" type="stmt"/>
        <line num="20" count="0" type="stmt"/>
        <line num="21" count="0" type="stmt"/>
        <line num="22" count="0" type="stmt"/>
        <line num="26" count="0" type="stmt"/>
        <line num="27" count="0" type="stmt"/>
        <line num="28" count="0" type="cond" truecount="0" falsecount="2"/>
        <line num="29" count="0" type="stmt"/>
        <line num="30" count="0" type="stmt"/>
        <line num="31" count="0" type="stmt"/>
        <line num="35" count="0" type="stmt"/>
        <line num="36" count="0" type="stmt"/>
        <line num="38" count="0" type="stmt"/>
        <line num="39" count="0" type="stmt"/>
        <line num="42" count="0" type="stmt"/>
        <line num="43" count="0" type="stmt"/>
        <line num="44" count="0" type="stmt"/>
        <line num="47" count="0" type="stmt"/>
        <line num="48" count="0" type="stmt"/>
        <line num="49" count="0" type="stmt"/>
        <line num="50" count="0" type="stmt"/>
        <line num="52" count="0" type="stmt"/>
        <line num="53" count="0" type="stmt"/>
        <line num="54" count="0" type="stmt"/>
        <line num="59" count="0" type="stmt"/>
        <line num="60" count="0" type="stmt"/>
        <line num="61" count="0" type="stmt"/>
        <line num="62" count="0" type="stmt"/>
        <line num="65" count="0" type="stmt"/>
        <line num="66" count="0" type="stmt"/>
        <line num="67" count="0" type="stmt"/>
        <line num="69" count="0" type="stmt"/>
        <line num="70" count="0" type="stmt"/>
        <line num="71" count="0" type="stmt"/>
        <line num="72" count="0" type="stmt"/>
        <line num="73" count="0" type="stmt"/>
        <line num="74" count="0" type="stmt"/>
        <line num="75" count="0" type="stmt"/>
        <line num="78" count="0" type="stmt"/>
        <line num="79" count="0" type="stmt"/>
        <line num="80" count="0" type="stmt"/>
        <line num="85" count="0" type="stmt"/>
        <line num="86" count="0" type="stmt"/>
        <line num="88" count="0" type="cond" truecount="0" falsecount="2"/>
        <line num="92" count="0" type="stmt"/>
        <line num="93" count="0" type="stmt"/>
        <line num="94" count="0" type="stmt"/>
        <line num="95" count="0" type="stmt"/>
        <line num="96" count="0" type="stmt"/>
        <line num="97" count="0" type="stmt"/>
        <line num="98" count="0" type="stmt"/>
        <line num="101" count="0" type="stmt"/>
        <line num="102" count="0" type="stmt"/>
        <line num="103" count="0" type="stmt"/>
        <line num="108" count="0" type="stmt"/>
        <line num="118" count="0" type="stmt"/>
        <line num="119" count="0" type="stmt"/>
        <line num="131" count="0" type="stmt"/>
        <line num="132" count="0" type="stmt"/>
      </file>
      <file name="main.jsx" path="C:\Users\Emilio\Dev\fullstackopen\bloglist-frontend\src\main.jsx">
        <metrics statements="1" coveredstatements="0" conditionals="0" coveredconditionals="0" methods="0" coveredmethods="0"/>
        <line num="5" count="0" type="stmt"/>
      </file>
    </package>
    <package name="src.components">
      <metrics statements="40" coveredstatements="27" conditionals="10" coveredconditionals="4" methods="13" coveredmethods="7"/>
      <file name="Blog.jsx" path="C:\Users\Emilio\Dev\fullstackopen\bloglist-frontend\src\components\Blog.jsx">
        <metrics statements="10" coveredstatements="8" conditionals="2" coveredconditionals="0" methods="3" coveredmethods="2"/>
        <line num="4" count="1" type="stmt"/>
        <line num="5" count="1" type="stmt"/>
        <line num="13" count="1" type="stmt"/>
        <line num="14" count="1" type="stmt"/>
        <line num="18" count="1" type="stmt"/>
        <line num="19" count="1" type="stmt"/>
        <line num="22" count="1" type="stmt"/>
        <line num="23" count="0" type="cond" truecount="0" falsecount="2"/>
        <line num="24" count="0" type="stmt"/>
        <line num="28" count="1" type="stmt"/>
      </file>
      <file name="BlogForm.jsx" path="C:\Users\Emilio\Dev\fullstackopen\bloglist-frontend\src\components\BlogForm.jsx">
        <metrics statements="9" coveredstatements="9" conditionals="0" coveredconditionals="0" methods="3" coveredmethods="3"/>
        <line num="3" count="1" type="stmt"/>
        <line num="6" count="19" type="stmt"/>
        <line num="8" count="19" type="stmt"/>
        <line num="9" count="17" type="stmt"/>
        <line num="12" count="19" type="stmt"/>
        <line num="13" count="1" type="stmt"/>
        <line num="14" count="1" type="stmt"/>
        <line num="15" count="1" type="stmt"/>
        <line num="18" count="19" type="stmt"/>
      </file>
      <file name="LoginForm.jsx" path="C:\Users\Emilio\Dev\fullstackopen\bloglist-frontend\src\components\LoginForm.jsx">
        <metrics statements="3" coveredstatements="0" conditionals="0" coveredconditionals="0" methods="1" coveredmethods="0"/>
        <line num="3" count="0" type="stmt"/>
        <line num="10" count="0" type="stmt"/>
        <line num="38" count="0" type="stmt"/>
      </file>
      <file name="Notification.jsx" path="C:\Users\Emilio\Dev\fullstackopen\bloglist-frontend\src\components\Notification.jsx">
        <metrics statements="7" coveredstatements="0" conditionals="4" coveredconditionals="0" methods="3" coveredmethods="0"/>
        <line num="3" count="0" type="stmt"/>
        <line num="5" count="0" type="stmt"/>
        <line num="7" count="0" type="stmt"/>
        <line num="8" count="0" type="stmt"/>
        <line num="9" count="0" type="stmt"/>
        <line num="10" count="0" type="stmt"/>
        <line num="14" count="0" type="cond" truecount="0" falsecount="4"/>
      </file>
      <file name="Togglable.jsx" path="C:\Users\Emilio\Dev\fullstackopen\bloglist-frontend\src\components\Togglable.jsx">
        <metrics statements="11" coveredstatements="10" conditionals="4" coveredconditionals="4" methods="3" coveredmethods="2"/>
        <line num="4" count="2" type="stmt"/>
        <line num="5" count="5" type="stmt"/>
        <line num="7" count="5" type="cond" truecount="2" falsecount="0"/>
        <line num="8" count="5" type="cond" truecount="2" falsecount="0"/>
        <line num="10" count="5" type="stmt"/>
        <line num="11" count="1" type="stmt"/>
        <line num="14" count="5" type="stmt"/>
        <line num="15" count="0" type="stmt"/>
        <line num="20" count="5" type="stmt"/>
        <line num="33" count="2" type="stmt"/>
        <line num="35" count="2" type="stmt"/>
      </file>
    </package>
    <package name="src.services">
      <metrics statements="23" coveredstatements="9" conditionals="0" coveredconditionals="0" methods="9" coveredmethods="1"/>
      <file name="blogs.js" path="C:\Users\Emilio\Dev\fullstackopen\bloglist-frontend\src\services\blogs.js">
        <metrics statements="19" coveredstatements="9" conditionals="0" coveredconditionals="0" methods="8" coveredmethods="1"/>
        <line num="2" count="1" type="stmt"/>
        <line num="4" count="1" type="stmt"/>
        <line num="6" count="1" type="stmt"/>
        <line num="7" count="0" type="stmt"/>
        <line num="10" count="1" type="stmt"/>
        <line num="11" count="0" type="stmt"/>
        <line num="12" count="0" type="stmt"/>
        <line num="15" count="1" type="stmt"/>
        <line num="16" count="0" type="stmt"/>
        <line num="19" count="0" type="stmt"/>
        <line num="20" count="0" type="stmt"/>
        <line num="21" count="0" type="stmt"/>
        <line num="24" count="1" type="stmt"/>
        <line num="25" count="1" type="stmt"/>
        <line num="26" count="1" type="stmt"/>
        <line num="29" count="1" type="stmt"/>
        <line num="30" count="0" type="stmt"/>
        <line num="33" count="0" type="stmt"/>
        <line num="34" count="0" type="stmt"/>
      </file>
      <file name="login.js" path="C:\Users\Emilio\Dev\fullstackopen\bloglist-frontend\src\services\login.js">
        <metrics statements="4" coveredstatements="0" conditionals="0" coveredconditionals="0" methods="1" coveredmethods="0"/>
        <line num="2" count="0" type="stmt"/>
        <line num="4" count="0" type="stmt"/>
        <line num="5" count="0" type="stmt"/>
        <line num="6" count="0" type="stmt"/>
      </file>
    </package>
  </project>
</coverage>
